Running with dbt=1.5.2
Registered adapter: snowflake=1.5.2
Found 8 models, 22 tests, 2 snapshots, 1 analysis, 709 macros, 0 operations, 1 seed file, 3 sources, 1 exposure, 0 metrics, 0 groups

Concurrency: 1 threads (target='dev')

1 of 30 START seed file DEV.seed_full_moon_dates ............................... [RUN]
1 of 30 OK loaded seed file DEV.seed_full_moon_dates ........................... [[32mINSERT 272[0m in 8.92s]
2 of 30 START snapshot DEV.scd_raw_hosts ....................................... [RUN]
2 of 30 OK snapshotted DEV.scd_raw_hosts ....................................... [[32msuccess[0m in 3.27s]
3 of 30 START test dbt_expectations_source_expect_column_distinct_count_to_equal_airbnb_listings_room_type__4  [RUN]
3 of 30 PASS dbt_expectations_source_expect_column_distinct_count_to_equal_airbnb_listings_room_type__4  [[32mPASS[0m in 0.75s]
4 of 30 START test dbt_expectations_source_expect_column_values_to_match_regex_airbnb_listings_price___0_9_0_9_  [RUN]
4 of 30 PASS dbt_expectations_source_expect_column_values_to_match_regex_airbnb_listings_price___0_9_0_9_  [[32mPASS[0m in 0.72s]
5 of 30 START sql view model DEV.dim_hosts_cleansed ............................ [RUN]
5 of 30 OK created sql view model DEV.dim_hosts_cleansed ....................... [[32mSUCCESS 1[0m in 0.77s]
6 of 30 START sql incremental model DEV.fct_reviews ............................ [RUN]
Loading AIRBNB.DEV.fct_reviews incrementally (all missing dates)
6 of 30 OK created sql incremental model DEV.fct_reviews ....................... [[32mSUCCESS 0[0m in 1.82s]
7 of 30 START snapshot DEV.scd_raw_listings .................................... [RUN]
7 of 30 OK snapshotted DEV.scd_raw_listings .................................... [[32msuccess[0m in 3.54s]
8 of 30 START test accepted_values_dim_hosts_cleansed_is_superhost__t__f ....... [RUN]
8 of 30 PASS accepted_values_dim_hosts_cleansed_is_superhost__t__f ............. [[32mPASS[0m in 0.83s]
9 of 30 START test not_null_dim_hosts_cleansed_host_id ......................... [RUN]
9 of 30 PASS not_null_dim_hosts_cleansed_host_id ............................... [[32mPASS[0m in 0.69s]
10 of 30 START test not_null_dim_hosts_cleansed_host_name ...................... [RUN]
10 of 30 PASS not_null_dim_hosts_cleansed_host_name ............................ [[32mPASS[0m in 0.75s]
11 of 30 START test unique_dim_hosts_cleansed_host_id .......................... [RUN]
11 of 30 PASS unique_dim_hosts_cleansed_host_id ................................ [[32mPASS[0m in 0.70s]
12 of 30 START test accepted_values_fct_reviews_review_sentiment__positive__neutral__negative  [RUN]
12 of 30 PASS accepted_values_fct_reviews_review_sentiment__positive__neutral__negative  [[32mPASS[0m in 0.94s]
13 of 30 START test not_null_fct_reviews_reviewer_name ......................... [RUN]
13 of 30 PASS not_null_fct_reviews_reviewer_name ............................... [[32mPASS[0m in 0.71s]
14 of 30 START sql view model DEV.dim_listings_cleansed ........................ [RUN]
14 of 30 OK created sql view model DEV.dim_listings_cleansed ................... [[32mSUCCESS 1[0m in 0.79s]
15 of 30 START sql table model DEV.full_view_reviews ........................... [RUN]
15 of 30 OK created sql table model DEV.full_view_reviews ...................... [[32mSUCCESS 1[0m in 2.95s]
16 of 30 START test accepted_values_dim_listings_cleansed_room_type__Entire_home_apt__Private_room__Shared_room__Hotel_room  [RUN]
16 of 30 PASS accepted_values_dim_listings_cleansed_room_type__Entire_home_apt__Private_room__Shared_room__Hotel_room  [[32mPASS[0m in 0.70s]
17 of 30 START test consistent_created_at ...................................... [RUN]
17 of 30 PASS consistent_created_at ............................................ [[32mPASS[0m in 0.81s]
18 of 30 START test dim_listing_cleansed__minimum_nights ....................... [RUN]
18 of 30 PASS dim_listing_cleansed__minimum_nights ............................. [[32mPASS[0m in 0.63s]
19 of 30 START test no_null_in_dim_listings_cleansed ........................... [RUN]
19 of 30 PASS no_null_in_dim_listings_cleansed ................................. [[32mPASS[0m in 0.92s]
20 of 30 START test not_null_dim_listings_cleansed_host_id ..................... [RUN]
20 of 30 PASS not_null_dim_listings_cleansed_host_id ........................... [[32mPASS[0m in 0.82s]
21 of 30 START test not_null_dim_listings_cleansed_listing_id .................. [RUN]
21 of 30 PASS not_null_dim_listings_cleansed_listing_id ........................ [[32mPASS[0m in 1.14s]
22 of 30 START test positive_value_dim_listings_cleansed_minimum_nights ........ [RUN]
22 of 30 PASS positive_value_dim_listings_cleansed_minimum_nights .............. [[32mPASS[0m in 0.65s]
23 of 30 START test relationships_dim_listings_cleansed_host_id__host_id__ref_dim_hosts_cleansed_  [RUN]
23 of 30 PASS relationships_dim_listings_cleansed_host_id__host_id__ref_dim_hosts_cleansed_  [[32mPASS[0m in 0.72s]
24 of 30 START test relationships_fct_reviews_listing_id__listing_id__ref_dim_listings_cleansed_  [RUN]
24 of 30 PASS relationships_fct_reviews_listing_id__listing_id__ref_dim_listings_cleansed_  [[32mPASS[0m in 0.71s]
25 of 30 START test unique_dim_listings_cleansed_listing_id .................... [RUN]
25 of 30 PASS unique_dim_listings_cleansed_listing_id .......................... [[32mPASS[0m in 0.76s]
26 of 30 START sql table model DEV.dim_listings_w_hosts ........................ [RUN]
26 of 30 OK created sql table model DEV.dim_listings_w_hosts ................... [[32mSUCCESS 1[0m in 1.37s]
27 of 30 START test dbt_expectations_expect_column_max_to_be_between_dim_listings_w_hosts_price__5000  [RUN]
27 of 30 WARN 1 dbt_expectations_expect_column_max_to_be_between_dim_listings_w_hosts_price__5000  [[33mWARN 1[0m in 0.65s]
28 of 30 START test dbt_expectations_expect_column_quantile_values_to_be_between_dim_listings_w_hosts_price__500__50__0_99  [RUN]
28 of 30 PASS dbt_expectations_expect_column_quantile_values_to_be_between_dim_listings_w_hosts_price__500__50__0_99  [[32mPASS[0m in 0.79s]
29 of 30 START test dbt_expectations_expect_column_values_to_be_of_type_dim_listings_w_hosts_price__number  [RUN]
29 of 30 PASS dbt_expectations_expect_column_values_to_be_of_type_dim_listings_w_hosts_price__number  [[32mPASS[0m in 1.01s]
30 of 30 START test dbt_expectations_expect_table_row_count_to_equal_other_table_dim_listings_w_hosts_source_airbnb_listings_  [RUN]
30 of 30 PASS dbt_expectations_expect_table_row_count_to_equal_other_table_dim_listings_w_hosts_source_airbnb_listings_  [[32mPASS[0m in 0.62s]

Finished running 1 seed, 2 snapshots, 22 tests, 2 view models, 1 incremental model, 2 table models in 0 hours 0 minutes and 42.52 seconds (42.52s).

[33mCompleted with 1 warning:[0m

[33mWarning in test dbt_expectations_expect_column_max_to_be_between_dim_listings_w_hosts_price__5000 (models/schema.yml)[0m
Got 1 result, configured to warn if != 0

  compiled Code at target/dbtlearn_dbt_assets-549e2b6-1e50a59/compiled/dbtlearn/models/schema.yml/dbt_expectations_expect_column_c59e300e0dddb335c4211147100ac1c6.sql

Done. PASS=29 WARN=1 ERROR=0 SKIP=0 TOTAL=30
