[32m2025-09-05 12:50:14 +0000[0m - dagster - [34mDEBUG[0m - materialize_dbt_models - 549e2b6f-9c5b-4699-b3b9-a710782bb523 - 52865 - LOGS_CAPTURED - Started capturing logs in process (pid: 52865).
[32m2025-09-05 12:50:14 +0000[0m - dagster - [34mDEBUG[0m - materialize_dbt_models - 549e2b6f-9c5b-4699-b3b9-a710782bb523 - 52865 - dbtlearn_dbt_assets - STEP_START - Started execution of step "dbtlearn_dbt_assets".
[32m2025-09-05 12:50:14 +0000[0m - dagster - [34mINFO[0m - materialize_dbt_models - 549e2b6f-9c5b-4699-b3b9-a710782bb523 - dbtlearn_dbt_assets - A dbt subsetted execution is not being performed. Using the default dbt selection arguments `['--select', 'fqn:*']`.
[32m2025-09-05 12:50:15 +0000[0m - dagster - [34mINFO[0m - materialize_dbt_models - 549e2b6f-9c5b-4699-b3b9-a710782bb523 - dbtlearn_dbt_assets - Copying `/workspaces/dbt-bootcamp-codespace/dbtlearn/target/partial_parse.msgpack` to `/workspaces/dbt-bootcamp-codespace/dbtlearn/target/dbtlearn_dbt_assets-549e2b6-1e50a59/partial_parse.msgpack` to take advantage of partial parsing.
[32m2025-09-05 12:50:15 +0000[0m - dagster - [34mINFO[0m - materialize_dbt_models - 549e2b6f-9c5b-4699-b3b9-a710782bb523 - dbtlearn_dbt_assets - Running dbt command: `dbt build --select fqn:*`.
[32m2025-09-05 12:50:28 +0000[0m - dagster - [34mDEBUG[0m - materialize_dbt_models - 549e2b6f-9c5b-4699-b3b9-a710782bb523 - 52865 - dbtlearn_dbt_assets - STEP_OUTPUT - Yielded output "seed_full_moon_dates" of type "Nothing". (Type check passed).
[32m2025-09-05 12:50:28 +0000[0m - dagster - [34mDEBUG[0m - materialize_dbt_models - 549e2b6f-9c5b-4699-b3b9-a710782bb523 - 52865 - dbtlearn_dbt_assets - ASSET_MATERIALIZATION - Materialized value seed_full_moon_dates.
[32m2025-09-05 12:50:31 +0000[0m - dagster - [34mDEBUG[0m - materialize_dbt_models - 549e2b6f-9c5b-4699-b3b9-a710782bb523 - 52865 - dbtlearn_dbt_assets - STEP_OUTPUT - Yielded output "scd_raw_hosts" of type "Nothing". (Type check passed).
[32m2025-09-05 12:50:31 +0000[0m - dagster - [34mDEBUG[0m - materialize_dbt_models - 549e2b6f-9c5b-4699-b3b9-a710782bb523 - 52865 - dbtlearn_dbt_assets - ASSET_MATERIALIZATION - Materialized value scd_raw_hosts.
[32m2025-09-05 12:50:32 +0000[0m - dagster - [34mDEBUG[0m - materialize_dbt_models - 549e2b6f-9c5b-4699-b3b9-a710782bb523 - 52865 - dbtlearn_dbt_assets - ASSET_OBSERVATION - DagsterEventType.ASSET_OBSERVATION for step dbtlearn_dbt_assets
[32m2025-09-05 12:50:33 +0000[0m - dagster - [34mDEBUG[0m - materialize_dbt_models - 549e2b6f-9c5b-4699-b3b9-a710782bb523 - 52865 - dbtlearn_dbt_assets - ASSET_OBSERVATION - DagsterEventType.ASSET_OBSERVATION for step dbtlearn_dbt_assets
[32m2025-09-05 12:50:33 +0000[0m - dagster - [34mDEBUG[0m - materialize_dbt_models - 549e2b6f-9c5b-4699-b3b9-a710782bb523 - 52865 - dbtlearn_dbt_assets - STEP_OUTPUT - Yielded output "dim_hosts_cleansed" of type "Nothing". (Type check passed).
[32m2025-09-05 12:50:34 +0000[0m - dagster - [34mDEBUG[0m - materialize_dbt_models - 549e2b6f-9c5b-4699-b3b9-a710782bb523 - 52865 - dbtlearn_dbt_assets - ASSET_MATERIALIZATION - Materialized value dim_hosts_cleansed.
[32m2025-09-05 12:50:35 +0000[0m - dagster - [34mDEBUG[0m - materialize_dbt_models - 549e2b6f-9c5b-4699-b3b9-a710782bb523 - 52865 - dbtlearn_dbt_assets - STEP_OUTPUT - Yielded output "fct_reviews" of type "Nothing". (Type check passed).
[32m2025-09-05 12:50:35 +0000[0m - dagster - [34mDEBUG[0m - materialize_dbt_models - 549e2b6f-9c5b-4699-b3b9-a710782bb523 - 52865 - dbtlearn_dbt_assets - ASSET_MATERIALIZATION - Materialized value fct_reviews.
[32m2025-09-05 12:50:39 +0000[0m - dagster - [34mDEBUG[0m - materialize_dbt_models - 549e2b6f-9c5b-4699-b3b9-a710782bb523 - 52865 - dbtlearn_dbt_assets - STEP_OUTPUT - Yielded output "scd_raw_listings" of type "Nothing". (Type check passed).
[32m2025-09-05 12:50:39 +0000[0m - dagster - [34mDEBUG[0m - materialize_dbt_models - 549e2b6f-9c5b-4699-b3b9-a710782bb523 - 52865 - dbtlearn_dbt_assets - ASSET_MATERIALIZATION - Materialized value scd_raw_listings.
[32m2025-09-05 12:50:40 +0000[0m - dagster - [34mDEBUG[0m - materialize_dbt_models - 549e2b6f-9c5b-4699-b3b9-a710782bb523 - 52865 - dbtlearn_dbt_assets - ASSET_OBSERVATION - DagsterEventType.ASSET_OBSERVATION for step dbtlearn_dbt_assets
[32m2025-09-05 12:50:40 +0000[0m - dagster - [34mDEBUG[0m - materialize_dbt_models - 549e2b6f-9c5b-4699-b3b9-a710782bb523 - 52865 - dbtlearn_dbt_assets - ASSET_OBSERVATION - DagsterEventType.ASSET_OBSERVATION for step dbtlearn_dbt_assets
[32m2025-09-05 12:50:41 +0000[0m - dagster - [34mDEBUG[0m - materialize_dbt_models - 549e2b6f-9c5b-4699-b3b9-a710782bb523 - 52865 - dbtlearn_dbt_assets - ASSET_OBSERVATION - DagsterEventType.ASSET_OBSERVATION for step dbtlearn_dbt_assets
[32m2025-09-05 12:50:42 +0000[0m - dagster - [34mDEBUG[0m - materialize_dbt_models - 549e2b6f-9c5b-4699-b3b9-a710782bb523 - 52865 - dbtlearn_dbt_assets - ASSET_OBSERVATION - DagsterEventType.ASSET_OBSERVATION for step dbtlearn_dbt_assets
[32m2025-09-05 12:50:43 +0000[0m - dagster - [34mDEBUG[0m - materialize_dbt_models - 549e2b6f-9c5b-4699-b3b9-a710782bb523 - 52865 - dbtlearn_dbt_assets - ASSET_OBSERVATION - DagsterEventType.ASSET_OBSERVATION for step dbtlearn_dbt_assets
[32m2025-09-05 12:50:44 +0000[0m - dagster - [34mDEBUG[0m - materialize_dbt_models - 549e2b6f-9c5b-4699-b3b9-a710782bb523 - 52865 - dbtlearn_dbt_assets - ASSET_OBSERVATION - DagsterEventType.ASSET_OBSERVATION for step dbtlearn_dbt_assets
[32m2025-09-05 12:50:44 +0000[0m - dagster - [34mDEBUG[0m - materialize_dbt_models - 549e2b6f-9c5b-4699-b3b9-a710782bb523 - 52865 - dbtlearn_dbt_assets - STEP_OUTPUT - Yielded output "dim_listings_cleansed" of type "Nothing". (Type check passed).
[32m2025-09-05 12:50:44 +0000[0m - dagster - [34mDEBUG[0m - materialize_dbt_models - 549e2b6f-9c5b-4699-b3b9-a710782bb523 - 52865 - dbtlearn_dbt_assets - ASSET_MATERIALIZATION - Materialized value dim_listings_cleansed.
[32m2025-09-05 12:50:47 +0000[0m - dagster - [34mDEBUG[0m - materialize_dbt_models - 549e2b6f-9c5b-4699-b3b9-a710782bb523 - 52865 - dbtlearn_dbt_assets - STEP_OUTPUT - Yielded output "full_view_reviews" of type "Nothing". (Type check passed).
[32m2025-09-05 12:50:47 +0000[0m - dagster - [34mDEBUG[0m - materialize_dbt_models - 549e2b6f-9c5b-4699-b3b9-a710782bb523 - 52865 - dbtlearn_dbt_assets - ASSET_MATERIALIZATION - Materialized value full_view_reviews.
[32m2025-09-05 12:50:48 +0000[0m - dagster - [34mDEBUG[0m - materialize_dbt_models - 549e2b6f-9c5b-4699-b3b9-a710782bb523 - 52865 - dbtlearn_dbt_assets - ASSET_OBSERVATION - DagsterEventType.ASSET_OBSERVATION for step dbtlearn_dbt_assets
[32m2025-09-05 12:50:49 +0000[0m - dagster - [34mDEBUG[0m - materialize_dbt_models - 549e2b6f-9c5b-4699-b3b9-a710782bb523 - 52865 - dbtlearn_dbt_assets - ASSET_OBSERVATION - DagsterEventType.ASSET_OBSERVATION for step dbtlearn_dbt_assets
[32m2025-09-05 12:50:49 +0000[0m - dagster - [34mDEBUG[0m - materialize_dbt_models - 549e2b6f-9c5b-4699-b3b9-a710782bb523 - 52865 - dbtlearn_dbt_assets - ASSET_OBSERVATION - DagsterEventType.ASSET_OBSERVATION for step dbtlearn_dbt_assets
[32m2025-09-05 12:50:49 +0000[0m - dagster - [34mDEBUG[0m - materialize_dbt_models - 549e2b6f-9c5b-4699-b3b9-a710782bb523 - 52865 - dbtlearn_dbt_assets - ASSET_OBSERVATION - DagsterEventType.ASSET_OBSERVATION for step dbtlearn_dbt_assets
[32m2025-09-05 12:50:50 +0000[0m - dagster - [34mDEBUG[0m - materialize_dbt_models - 549e2b6f-9c5b-4699-b3b9-a710782bb523 - 52865 - dbtlearn_dbt_assets - ASSET_OBSERVATION - DagsterEventType.ASSET_OBSERVATION for step dbtlearn_dbt_assets
[32m2025-09-05 12:50:51 +0000[0m - dagster - [34mDEBUG[0m - materialize_dbt_models - 549e2b6f-9c5b-4699-b3b9-a710782bb523 - 52865 - dbtlearn_dbt_assets - ASSET_OBSERVATION - DagsterEventType.ASSET_OBSERVATION for step dbtlearn_dbt_assets
[32m2025-09-05 12:50:52 +0000[0m - dagster - [34mDEBUG[0m - materialize_dbt_models - 549e2b6f-9c5b-4699-b3b9-a710782bb523 - 52865 - dbtlearn_dbt_assets - ASSET_OBSERVATION - DagsterEventType.ASSET_OBSERVATION for step dbtlearn_dbt_assets
[32m2025-09-05 12:50:53 +0000[0m - dagster - [34mDEBUG[0m - materialize_dbt_models - 549e2b6f-9c5b-4699-b3b9-a710782bb523 - 52865 - dbtlearn_dbt_assets - ASSET_OBSERVATION - DagsterEventType.ASSET_OBSERVATION for step dbtlearn_dbt_assets
[32m2025-09-05 12:50:54 +0000[0m - dagster - [34mDEBUG[0m - materialize_dbt_models - 549e2b6f-9c5b-4699-b3b9-a710782bb523 - 52865 - dbtlearn_dbt_assets - ASSET_OBSERVATION - DagsterEventType.ASSET_OBSERVATION for step dbtlearn_dbt_assets
[32m2025-09-05 12:50:54 +0000[0m - dagster - [34mDEBUG[0m - materialize_dbt_models - 549e2b6f-9c5b-4699-b3b9-a710782bb523 - 52865 - dbtlearn_dbt_assets - ASSET_OBSERVATION - DagsterEventType.ASSET_OBSERVATION for step dbtlearn_dbt_assets
[32m2025-09-05 12:50:54 +0000[0m - dagster - [34mDEBUG[0m - materialize_dbt_models - 549e2b6f-9c5b-4699-b3b9-a710782bb523 - 52865 - dbtlearn_dbt_assets - ASSET_OBSERVATION - DagsterEventType.ASSET_OBSERVATION for step dbtlearn_dbt_assets
[32m2025-09-05 12:50:54 +0000[0m - dagster - [34mDEBUG[0m - materialize_dbt_models - 549e2b6f-9c5b-4699-b3b9-a710782bb523 - 52865 - dbtlearn_dbt_assets - ASSET_OBSERVATION - DagsterEventType.ASSET_OBSERVATION for step dbtlearn_dbt_assets
[32m2025-09-05 12:50:55 +0000[0m - dagster - [34mDEBUG[0m - materialize_dbt_models - 549e2b6f-9c5b-4699-b3b9-a710782bb523 - 52865 - dbtlearn_dbt_assets - ASSET_OBSERVATION - DagsterEventType.ASSET_OBSERVATION for step dbtlearn_dbt_assets
[32m2025-09-05 12:50:57 +0000[0m - dagster - [34mDEBUG[0m - materialize_dbt_models - 549e2b6f-9c5b-4699-b3b9-a710782bb523 - 52865 - dbtlearn_dbt_assets - STEP_OUTPUT - Yielded output "dim_listings_w_hosts" of type "Nothing". (Type check passed).
[32m2025-09-05 12:50:57 +0000[0m - dagster - [34mDEBUG[0m - materialize_dbt_models - 549e2b6f-9c5b-4699-b3b9-a710782bb523 - 52865 - dbtlearn_dbt_assets - ASSET_MATERIALIZATION - Materialized value dim_listings_w_hosts.
[32m2025-09-05 12:50:57 +0000[0m - dagster - [34mDEBUG[0m - materialize_dbt_models - 549e2b6f-9c5b-4699-b3b9-a710782bb523 - 52865 - dbtlearn_dbt_assets - ASSET_OBSERVATION - DagsterEventType.ASSET_OBSERVATION for step dbtlearn_dbt_assets
[32m2025-09-05 12:50:58 +0000[0m - dagster - [34mDEBUG[0m - materialize_dbt_models - 549e2b6f-9c5b-4699-b3b9-a710782bb523 - 52865 - dbtlearn_dbt_assets - ASSET_OBSERVATION - DagsterEventType.ASSET_OBSERVATION for step dbtlearn_dbt_assets
[32m2025-09-05 12:50:59 +0000[0m - dagster - [34mDEBUG[0m - materialize_dbt_models - 549e2b6f-9c5b-4699-b3b9-a710782bb523 - 52865 - dbtlearn_dbt_assets - ASSET_OBSERVATION - DagsterEventType.ASSET_OBSERVATION for step dbtlearn_dbt_assets
[32m2025-09-05 12:51:00 +0000[0m - dagster - [34mDEBUG[0m - materialize_dbt_models - 549e2b6f-9c5b-4699-b3b9-a710782bb523 - 52865 - dbtlearn_dbt_assets - ASSET_OBSERVATION - DagsterEventType.ASSET_OBSERVATION for step dbtlearn_dbt_assets
[32m2025-09-05 12:51:00 +0000[0m - dagster - [34mDEBUG[0m - materialize_dbt_models - 549e2b6f-9c5b-4699-b3b9-a710782bb523 - 52865 - dbtlearn_dbt_assets - ASSET_OBSERVATION - DagsterEventType.ASSET_OBSERVATION for step dbtlearn_dbt_assets
[32m2025-09-05 12:51:00 +0000[0m - dagster - [34mDEBUG[0m - materialize_dbt_models - 549e2b6f-9c5b-4699-b3b9-a710782bb523 - 52865 - dbtlearn_dbt_assets - STEP_SUCCESS - Finished execution of step "dbtlearn_dbt_assets" in 45.49s.
